{"timestamp": "2026-05-01T07:35:28.390853+00:00", "level": "INFO", "message": "приложение_запущено", "logger": "main", "trace_id": "37ad0e3b3253", "context": {"step": "init"}}
{"timestamp": "2026-05-01T07:35:28.444267+00:00", "level": "INFO", "message": "база_данных_инициализирована", "logger": "repository", "trace_id": "37ad0e3b3253", "context": {"path": "data/sutochno_listings.db"}}
{"timestamp": "2026-05-01T07:35:28.445189+00:00", "level": "INFO", "message": "запуск_браузера", "logger": "browser", "trace_id": "37ad0e3b3253", "context": {"step": "start"}}
{"timestamp": "2026-05-01T07:35:29.873391+00:00", "level": "ERROR", "message": "критическая_ошибка", "logger": "main", "trace_id": "37ad0e3b3253", "context": {"error": "BrowserType.launch_persistent_context: Executable doesn't exist at C:\\Users\\admin\\AppData\\Local\\ms-playwright\\chromium-1217\\chrome-win64\\chrome.exe\n╔════════════════════════════════════════════════════════════╗\n║ Looks like Playwright was just installed or updated.       ║\n║ Please run the following command to download new browsers: ║\n║                                                            ║\n║     playwright install                                     ║\n║                                                            ║\n║ <3 Playwright Team                                         ║\n╚════════════════════════════════════════════════════════════╝", "error_type": "Error"}, "exception": "Traceback (most recent call last):\n  File \"C:\\game\\test\\my-poisk\\sytochno\\src\\__main__.py\", line 53, in run\n    await browser_service.start()\n  File \"C:\\game\\test\\my-poisk\\sytochno\\src\\services\\browser_service.py\", line 83, in start\n    self._context = await self._playwright.chromium.launch_persistent_context(\n                    ^^^^^^^^^^^^^^^^^^^^^^^^^^^^^^^^^^^^^^^^^^^^^^^^^^^^^^^^^^\n    ...<16 lines>...\n    )\n    ^\n  File \"C:\\game\\test\\my-poisk\\sytochno\\venv\\Lib\\site-packages\\playwright\\async_api\\_generated.py\", line 15442, in launch_persistent_context\n    await self._impl_obj.launch_persistent_context(\n    ...<51 lines>...\n    )\n  File \"C:\\game\\test\\my-poisk\\sytochno\\venv\\Lib\\site-packages\\playwright\\_impl\\_browser_type.py\", line 166, in launch_persistent_context\n    result = await self._channel.send_return_as_dict(\n             ^^^^^^^^^^^^^^^^^^^^^^^^^^^^^^^^^^^^^^^^\n        \"launchPersistentContext\", TimeoutSettings.launch_timeout, params\n        ^^^^^^^^^^^^^^^^^^^^^^^^^^^^^^^^^^^^^^^^^^^^^^^^^^^^^^^^^^^^^^^^^\n    )\n    ^\n  File \"C:\\game\\test\\my-poisk\\sytochno\\venv\\Lib\\site-packages\\playwright\\_impl\\_connection.py\", line 83, in send_return_as_dict\n    return await self._connection.wrap_api_call(\n           ^^^^^^^^^^^^^^^^^^^^^^^^^^^^^^^^^^^^^\n    ...<3 lines>...\n    )\n    ^\n  File \"C:\\game\\test\\my-poisk\\sytochno\\venv\\Lib\\site-packages\\playwright\\_impl\\_connection.py\", line 559, in wrap_api_call\n    raise rewrite_error(error, f\"{parsed_st['apiName']}: {error}\") from None\nplaywright._impl._errors.Error: BrowserType.launch_persistent_context: Executable doesn't exist at C:\\Users\\admin\\AppData\\Local\\ms-playwright\\chromium-1217\\chrome-win64\\chrome.exe\n╔════════════════════════════════════════════════════════════╗\n║ Looks like Playwright was just installed or updated.       ║\n║ Please run the following command to download new browsers: ║\n║                                                            ║\n║     playwright install                                     ║\n║                                                            ║\n║ <3 Playwright Team                                         ║\n╚════════════════════════════════════════════════════════════╝"}
{"timestamp": "2026-05-01T07:35:29.892876+00:00", "level": "INFO", "message": "браузер_остановлен", "logger": "browser", "trace_id": "37ad0e3b3253"}
{"timestamp": "2026-05-01T07:35:29.902274+00:00", "level": "INFO", "message": "соединение_с_бд_закрыто", "logger": "repository", "trace_id": "37ad0e3b3253"}
{"timestamp": "2026-05-01T07:35:29.902526+00:00", "level": "INFO", "message": "приложение_завершено", "logger": "main", "trace_id": "37ad0e3b3253", "context": {"step": "shutdown"}}
{"timestamp": "2026-05-01T07:37:09.331890+00:00", "level": "INFO", "message": "приложение_запущено", "logger": "main", "trace_id": "9571e734c49b", "context": {"step": "init"}}
{"timestamp": "2026-05-01T07:37:09.334417+00:00", "level": "INFO", "message": "база_данных_инициализирована", "logger": "repository", "trace_id": "9571e734c49b", "context": {"path": "data/sutochno_listings.db"}}
{"timestamp": "2026-05-01T07:37:09.334650+00:00", "level": "INFO", "message": "запуск_браузера", "logger": "browser", "trace_id": "9571e734c49b", "context": {"step": "start"}}
{"timestamp": "2026-05-01T07:37:14.070293+00:00", "level": "INFO", "message": "браузер_запущен", "logger": "browser", "trace_id": "9571e734c49b", "context": {"step": "start"}}
{"timestamp": "2026-05-01T07:37:14.070905+00:00", "level": "INFO", "message": "начало_парсинга", "logger": "main", "trace_id": "9571e734c49b", "context": {"step": "scraping"}}
{"timestamp": "2026-05-01T07:37:14.071593+00:00", "level": "INFO", "message": "начало_парсинга_каталога", "logger": "scraper", "trace_id": "9571e734c49b", "context": {"path": "https://sutochno.ru/front/searchapp/search?type=city&id=397367&term=%D0%A1%D0%B0%D0%BD%D0%BA%D1%82-%D0%9F%D0%B5%D1%82%D0%B5%D1%80%D0%B1%D1%83%D1%80%D0%B3&price_per=1&guests_adults=2&SW.lat=59.70283124178216&SW.lng=30.023383841796882&NE.lat=60.131710447157346&NE.lng=30.58643315820313&review_score=9&price=,2500"}}
{"timestamp": "2026-05-01T07:37:22.496288+00:00", "level": "INFO", "message": "парсинг_страницы", "logger": "scraper", "trace_id": "9571e734c49b", "context": {"current": 1, "total": 5}}
{"timestamp": "2026-05-01T07:37:46.650069+00:00", "level": "INFO", "message": "страница_обработана", "logger": "scraper", "trace_id": "9571e734c49b", "context": {"current": 1, "total": 50}}
{"timestamp": "2026-05-01T07:37:48.869649+00:00", "level": "INFO", "message": "парсинг_страницы", "logger": "scraper", "trace_id": "9571e734c49b", "context": {"current": 2, "total": 5}}
{"timestamp": "2026-05-01T07:38:11.914300+00:00", "level": "INFO", "message": "страница_обработана", "logger": "scraper", "trace_id": "9571e734c49b", "context": {"current": 2, "total": 50}}
{"timestamp": "2026-05-01T07:38:11.936385+00:00", "level": "INFO", "message": "последняя_страница_достигнута", "logger": "scraper", "trace_id": "9571e734c49b", "context": {"current": 2}}
{"timestamp": "2026-05-01T07:38:11.936606+00:00", "level": "INFO", "message": "парсинг_каталога_завершён", "logger": "scraper", "trace_id": "9571e734c49b", "context": {"total": 100}}
{"timestamp": "2026-05-01T07:38:11.936821+00:00", "level": "INFO", "message": "парсинг_завершён", "logger": "main", "trace_id": "9571e734c49b", "context": {"total": 100, "step": "scraping"}}
{"timestamp": "2026-05-01T07:38:11.937010+00:00", "level": "INFO", "message": "сохранение_в_бд", "logger": "main", "trace_id": "9571e734c49b", "context": {"step": "storage"}}
{"timestamp": "2026-05-01T07:38:11.967720+00:00", "level": "INFO", "message": "объявления_сохранены", "logger": "repository", "trace_id": "9571e734c49b", "context": {"total": 100}}
{"timestamp": "2026-05-01T07:38:11.968168+00:00", "level": "INFO", "message": "данные_сохранены", "logger": "main", "trace_id": "9571e734c49b", "context": {"total": 100, "step": "storage"}}
{"timestamp": "2026-05-01T07:38:11.968381+00:00", "level": "INFO", "message": "экспорт_в_excel", "logger": "main", "trace_id": "9571e734c49b", "context": {"step": "export"}}
{"timestamp": "2026-05-01T07:38:11.995784+00:00", "level": "INFO", "message": "отчёт_сохранён", "logger": "export", "trace_id": "9571e734c49b", "context": {"path": "data\\sutochno_report.xlsx", "total": 50}}
{"timestamp": "2026-05-01T07:38:11.996357+00:00", "level": "INFO", "message": "экспорт_завершён", "logger": "main", "trace_id": "9571e734c49b", "context": {"path": "data\\sutochno_report.xlsx", "total": 50, "step": "export"}}
{"timestamp": "2026-05-01T07:38:12.513383+00:00", "level": "INFO", "message": "браузер_остановлен", "logger": "browser", "trace_id": "9571e734c49b"}
{"timestamp": "2026-05-01T07:38:12.527597+00:00", "level": "INFO", "message": "соединение_с_бд_закрыто", "logger": "repository", "trace_id": "9571e734c49b"}
{"timestamp": "2026-05-01T07:38:12.527868+00:00", "level": "INFO", "message": "приложение_завершено", "logger": "main", "trace_id": "9571e734c49b", "context": {"step": "shutdown"}}
{"timestamp": "2026-05-01T07:42:24.080826+00:00", "level": "INFO", "message": "приложение_запущено", "logger": "main", "trace_id": "662409b94321", "context": {"step": "init"}}
{"timestamp": "2026-05-01T07:42:24.083699+00:00", "level": "INFO", "message": "база_данных_инициализирована", "logger": "repository", "trace_id": "662409b94321", "context": {"path": "data/sutochno_listings.db"}}
{"timestamp": "2026-05-01T07:42:24.084064+00:00", "level": "INFO", "message": "запуск_браузера", "logger": "browser", "trace_id": "662409b94321", "context": {"step": "start"}}
{"timestamp": "2026-05-01T07:42:24.841118+00:00", "level": "INFO", "message": "браузер_запущен", "logger": "browser", "trace_id": "662409b94321", "context": {"step": "start"}}
{"timestamp": "2026-05-01T07:42:24.841903+00:00", "level": "INFO", "message": "начало_парсинга", "logger": "main", "trace_id": "662409b94321", "context": {"step": "scraping"}}
{"timestamp": "2026-05-01T07:42:24.843546+00:00", "level": "INFO", "message": "начало_парсинга_каталога", "logger": "scraper", "trace_id": "662409b94321", "context": {"path": "https://sutochno.ru/front/searchapp/search?type=city&id=397367&term=%D0%A1%D0%B0%D0%BD%D0%BA%D1%82-%D0%9F%D0%B5%D1%82%D0%B5%D1%80%D0%B1%D1%83%D1%80%D0%B3&price_per=1&guests_adults=2&SW.lat=59.70283124178216&SW.lng=30.023383841796882&NE.lat=60.131710447157346&NE.lng=30.58643315820313&review_score=9&price=,2500"}}
{"timestamp": "2026-05-01T07:42:31.058224+00:00", "level": "INFO", "message": "парсинг_страницы", "logger": "scraper", "trace_id": "662409b94321", "context": {"current": 1, "total": 5}}
{"timestamp": "2026-05-01T07:42:58.336150+00:00", "level": "INFO", "message": "страница_обработана", "logger": "scraper", "trace_id": "662409b94321", "context": {"current": 1, "total": 50}}
{"timestamp": "2026-05-01T07:43:02.465885+00:00", "level": "INFO", "message": "парсинг_страницы", "logger": "scraper", "trace_id": "662409b94321", "context": {"current": 2, "total": 5}}
{"timestamp": "2026-05-01T07:43:27.168066+00:00", "level": "INFO", "message": "страница_обработана", "logger": "scraper", "trace_id": "662409b94321", "context": {"current": 2, "total": 50}}
{"timestamp": "2026-05-01T07:43:33.231064+00:00", "level": "INFO", "message": "парсинг_страницы", "logger": "scraper", "trace_id": "662409b94321", "context": {"current": 3, "total": 5}}
{"timestamp": "2026-05-01T07:43:58.397584+00:00", "level": "INFO", "message": "страница_обработана", "logger": "scraper", "trace_id": "662409b94321", "context": {"current": 3, "total": 50}}
{"timestamp": "2026-05-01T07:44:03.715376+00:00", "level": "INFO", "message": "парсинг_страницы", "logger": "scraper", "trace_id": "662409b94321", "context": {"current": 4, "total": 5}}
{"timestamp": "2026-05-01T07:44:30.399129+00:00", "level": "INFO", "message": "страница_обработана", "logger": "scraper", "trace_id": "662409b94321", "context": {"current": 4, "total": 50}}
{"timestamp": "2026-05-01T07:44:35.248739+00:00", "level": "INFO", "message": "парсинг_страницы", "logger": "scraper", "trace_id": "662409b94321", "context": {"current": 5, "total": 5}}
{"timestamp": "2026-05-01T07:44:57.112140+00:00", "level": "INFO", "message": "страница_обработана", "logger": "scraper", "trace_id": "662409b94321", "context": {"current": 5, "total": 50}}
{"timestamp": "2026-05-01T07:44:57.112352+00:00", "level": "INFO", "message": "парсинг_каталога_завершён", "logger": "scraper", "trace_id": "662409b94321", "context": {"total": 250}}
{"timestamp": "2026-05-01T07:44:57.112519+00:00", "level": "INFO", "message": "парсинг_завершён", "logger": "main", "trace_id": "662409b94321", "context": {"total": 250, "step": "scraping"}}
{"timestamp": "2026-05-01T07:44:57.112677+00:00", "level": "INFO", "message": "сохранение_в_бд", "logger": "main", "trace_id": "662409b94321", "context": {"step": "storage"}}
{"timestamp": "2026-05-01T07:44:57.125910+00:00", "level": "INFO", "message": "объявления_сохранены", "logger": "repository", "trace_id": "662409b94321", "context": {"total": 250}}
{"timestamp": "2026-05-01T07:44:57.126390+00:00", "level": "INFO", "message": "данные_сохранены", "logger": "main", "trace_id": "662409b94321", "context": {"total": 250, "step": "storage"}}
{"timestamp": "2026-05-01T07:44:57.126743+00:00", "level": "INFO", "message": "экспорт_в_excel", "logger": "main", "trace_id": "662409b94321", "context": {"step": "export"}}
{"timestamp": "2026-05-01T07:44:57.157526+00:00", "level": "INFO", "message": "отчёт_сохранён", "logger": "export", "trace_id": "662409b94321", "context": {"path": "data\\sutochno_report.xlsx", "total": 100}}
{"timestamp": "2026-05-01T07:44:57.157846+00:00", "level": "INFO", "message": "экспорт_завершён", "logger": "main", "trace_id": "662409b94321", "context": {"path": "data\\sutochno_report.xlsx", "total": 100, "step": "export"}}
{"timestamp": "2026-05-01T07:44:57.548172+00:00", "level": "INFO", "message": "браузер_остановлен", "logger": "browser", "trace_id": "662409b94321"}
{"timestamp": "2026-05-01T07:44:57.559942+00:00", "level": "INFO", "message": "соединение_с_бд_закрыто", "logger": "repository", "trace_id": "662409b94321"}
{"timestamp": "2026-05-01T07:44:57.560291+00:00", "level": "INFO", "message": "приложение_завершено", "logger": "main", "trace_id": "662409b94321", "context": {"step": "shutdown"}}
{"timestamp": "2026-05-01T07:49:45.927185+00:00", "level": "INFO", "message": "приложение_запущено", "logger": "main", "trace_id": "cb67a4781972", "context": {"step": "init"}}
{"timestamp": "2026-05-01T07:49:45.958096+00:00", "level": "INFO", "message": "база_данных_инициализирована", "logger": "repository", "trace_id": "cb67a4781972", "context": {"path": "data/sutochno_listings.db"}}
{"timestamp": "2026-05-01T07:49:45.958570+00:00", "level": "INFO", "message": "запуск_браузера", "logger": "browser", "trace_id": "cb67a4781972", "context": {"step": "start"}}
{"timestamp": "2026-05-01T07:49:46.704523+00:00", "level": "INFO", "message": "браузер_запущен", "logger": "browser", "trace_id": "cb67a4781972", "context": {"step": "start"}}
{"timestamp": "2026-05-01T07:49:46.704741+00:00", "level": "INFO", "message": "начало_парсинга", "logger": "main", "trace_id": "cb67a4781972", "context": {"step": "scraping"}}
{"timestamp": "2026-05-01T07:49:46.705083+00:00", "level": "INFO", "message": "начало_парсинга_каталога", "logger": "scraper", "trace_id": "cb67a4781972", "context": {"path": "https://sutochno.ru/front/searchapp/search?type=city&id=397367&term=%D0%A1%D0%B0%D0%BD%D0%BA%D1%82-%D0%9F%D0%B5%D1%82%D0%B5%D1%80%D0%B1%D1%83%D1%80%D0%B3&price_per=1&guests_adults=2&SW.lat=59.70283124178216&SW.lng=30.023383841796882&NE.lat=60.131710447157346&NE.lng=30.58643315820313&review_score=9&price=,2500"}}
{"timestamp": "2026-05-01T07:49:52.720883+00:00", "level": "INFO", "message": "парсинг_страницы", "logger": "scraper", "trace_id": "cb67a4781972", "context": {"current": 1, "total": 5}}
{"timestamp": "2026-05-01T07:50:07.897875+00:00", "level": "INFO", "message": "страница_обработана", "logger": "scraper", "trace_id": "cb67a4781972", "context": {"current": 1, "total": 32}}
{"timestamp": "2026-05-01T07:50:07.919547+00:00", "level": "INFO", "message": "последняя_страница_достигнута", "logger": "scraper", "trace_id": "cb67a4781972", "context": {"current": 1}}
{"timestamp": "2026-05-01T07:50:07.919854+00:00", "level": "INFO", "message": "парсинг_каталога_завершён", "logger": "scraper", "trace_id": "cb67a4781972", "context": {"total": 32}}
{"timestamp": "2026-05-01T07:50:07.920166+00:00", "level": "INFO", "message": "парсинг_завершён", "logger": "main", "trace_id": "cb67a4781972", "context": {"total": 32, "step": "scraping"}}
{"timestamp": "2026-05-01T07:50:07.920478+00:00", "level": "INFO", "message": "сохранение_в_бд", "logger": "main", "trace_id": "cb67a4781972", "context": {"step": "storage"}}
{"timestamp": "2026-05-01T07:50:07.926324+00:00", "level": "INFO", "message": "объявления_сохранены", "logger": "repository", "trace_id": "cb67a4781972", "context": {"total": 32}}
{"timestamp": "2026-05-01T07:50:07.926808+00:00", "level": "INFO", "message": "данные_сохранены", "logger": "main", "trace_id": "cb67a4781972", "context": {"total": 32, "step": "storage"}}
{"timestamp": "2026-05-01T07:50:07.927369+00:00", "level": "INFO", "message": "экспорт_в_excel", "logger": "main", "trace_id": "cb67a4781972", "context": {"step": "export"}}
{"timestamp": "2026-05-01T07:50:07.944625+00:00", "level": "INFO", "message": "отчёт_сохранён", "logger": "export", "trace_id": "cb67a4781972", "context": {"path": "data\\sutochno_report.xlsx", "total": 32}}
{"timestamp": "2026-05-01T07:50:07.945051+00:00", "level": "INFO", "message": "экспорт_завершён", "logger": "main", "trace_id": "cb67a4781972", "context": {"path": "data\\sutochno_report.xlsx", "total": 32, "step": "export"}}
{"timestamp": "2026-05-01T07:50:08.303302+00:00", "level": "INFO", "message": "браузер_остановлен", "logger": "browser", "trace_id": "cb67a4781972"}
{"timestamp": "2026-05-01T07:50:08.314891+00:00", "level": "INFO", "message": "соединение_с_бд_закрыто", "logger": "repository", "trace_id": "cb67a4781972"}
{"timestamp": "2026-05-01T07:50:08.315222+00:00", "level": "INFO", "message": "приложение_завершено", "logger": "main", "trace_id": "cb67a4781972", "context": {"step": "shutdown"}}
{"timestamp": "2026-05-01T07:51:46.295737+00:00", "level": "INFO", "message": "приложение_запущено", "logger": "main", "trace_id": "9b01bfd97051", "context": {"step": "init"}}
{"timestamp": "2026-05-01T07:51:46.327600+00:00", "level": "INFO", "message": "база_данных_инициализирована", "logger": "repository", "trace_id": "9b01bfd97051", "context": {"path": "data/sutochno_listings.db"}}
{"timestamp": "2026-05-01T07:51:46.328022+00:00", "level": "INFO", "message": "запуск_браузера", "logger": "browser", "trace_id": "9b01bfd97051", "context": {"step": "start"}}
{"timestamp": "2026-05-01T07:51:47.055493+00:00", "level": "INFO", "message": "браузер_запущен", "logger": "browser", "trace_id": "9b01bfd97051", "context": {"step": "start"}}
{"timestamp": "2026-05-01T07:51:47.056236+00:00", "level": "INFO", "message": "начало_парсинга", "logger": "main", "trace_id": "9b01bfd97051", "context": {"step": "scraping"}}
{"timestamp": "2026-05-01T07:51:47.056743+00:00", "level": "INFO", "message": "начало_парсинга_каталога", "logger": "scraper", "trace_id": "9b01bfd97051", "context": {"path": "https://sutochno.ru/front/searchapp/search?type=city&id=397367&term=%D0%A1%D0%B0%D0%BD%D0%BA%D1%82-%D0%9F%D0%B5%D1%82%D0%B5%D1%80%D0%B1%D1%83%D1%80%D0%B3&price_per=1&guests_adults=2&SW.lat=59.70283124178216&SW.lng=30.023383841796882&NE.lat=60.131710447157346&NE.lng=30.58643315820313&review_score=9&price=,2500"}}
{"timestamp": "2026-05-01T07:51:54.464197+00:00", "level": "INFO", "message": "парсинг_страницы", "logger": "scraper", "trace_id": "9b01bfd97051", "context": {"current": 1, "total": 5}}
{"timestamp": "2026-05-01T07:52:19.408751+00:00", "level": "INFO", "message": "страница_обработана", "logger": "scraper", "trace_id": "9b01bfd97051", "context": {"current": 1, "total": 50}}
{"timestamp": "2026-05-01T07:52:22.733478+00:00", "level": "WARNING", "message": "пагинация_не_подтверждена", "logger": "scraper", "trace_id": "9b01bfd97051", "context": {"step": "1->2"}}
{"timestamp": "2026-05-01T07:52:27.558856+00:00", "level": "INFO", "message": "парсинг_страницы", "logger": "scraper", "trace_id": "9b01bfd97051", "context": {"current": 2, "total": 5}}
{"timestamp": "2026-05-01T07:52:55.859930+00:00", "level": "INFO", "message": "страница_обработана", "logger": "scraper", "trace_id": "9b01bfd97051", "context": {"current": 2, "total": 50}}
{"timestamp": "2026-05-01T07:53:01.263636+00:00", "level": "WARNING", "message": "пагинация_не_подтверждена", "logger": "scraper", "trace_id": "9b01bfd97051", "context": {"step": "2->3"}}
{"timestamp": "2026-05-01T07:53:05.051104+00:00", "level": "INFO", "message": "парсинг_страницы", "logger": "scraper", "trace_id": "9b01bfd97051", "context": {"current": 3, "total": 5}}
{"timestamp": "2026-05-01T07:53:19.369784+00:00", "level": "INFO", "message": "страница_обработана", "logger": "scraper", "trace_id": "9b01bfd97051", "context": {"current": 3, "total": 0}}
{"timestamp": "2026-05-01T07:53:23.649342+00:00", "level": "WARNING", "message": "пагинация_не_подтверждена", "logger": "scraper", "trace_id": "9b01bfd97051", "context": {"step": "3->4"}}
{"timestamp": "2026-05-01T07:53:28.630532+00:00", "level": "INFO", "message": "парсинг_страницы", "logger": "scraper", "trace_id": "9b01bfd97051", "context": {"current": 4, "total": 5}}
{"timestamp": "2026-05-01T07:53:48.174044+00:00", "level": "INFO", "message": "страница_обработана", "logger": "scraper", "trace_id": "9b01bfd97051", "context": {"current": 4, "total": 0}}
{"timestamp": "2026-05-01T07:53:53.118368+00:00", "level": "WARNING", "message": "пагинация_не_подтверждена", "logger": "scraper", "trace_id": "9b01bfd97051", "context": {"step": "4->5"}}
{"timestamp": "2026-05-01T07:53:56.827746+00:00", "level": "INFO", "message": "парсинг_страницы", "logger": "scraper", "trace_id": "9b01bfd97051", "context": {"current": 5, "total": 5}}
{"timestamp": "2026-05-01T07:54:15.643584+00:00", "level": "INFO", "message": "страница_обработана", "logger": "scraper", "trace_id": "9b01bfd97051", "context": {"current": 5, "total": 0}}
{"timestamp": "2026-05-01T07:54:15.644229+00:00", "level": "INFO", "message": "парсинг_каталога_завершён", "logger": "scraper", "trace_id": "9b01bfd97051", "context": {"total": 100}}
{"timestamp": "2026-05-01T07:54:15.644709+00:00", "level": "INFO", "message": "дубликаты_отброшены", "logger": "scraper", "trace_id": "9b01bfd97051", "context": {"total": 150}}
{"timestamp": "2026-05-01T07:54:15.645055+00:00", "level": "INFO", "message": "парсинг_завершён", "logger": "main", "trace_id": "9b01bfd97051", "context": {"total": 100, "step": "scraping"}}
{"timestamp": "2026-05-01T07:54:15.645291+00:00", "level": "INFO", "message": "сохранение_в_бд", "logger": "main", "trace_id": "9b01bfd97051", "context": {"step": "storage"}}
{"timestamp": "2026-05-01T07:54:15.651645+00:00", "level": "INFO", "message": "объявления_сохранены", "logger": "repository", "trace_id": "9b01bfd97051", "context": {"total": 100}}
{"timestamp": "2026-05-01T07:54:15.652491+00:00", "level": "INFO", "message": "данные_сохранены", "logger": "main", "trace_id": "9b01bfd97051", "context": {"total": 100, "step": "storage"}}
{"timestamp": "2026-05-01T07:54:15.652801+00:00", "level": "INFO", "message": "экспорт_в_excel", "logger": "main", "trace_id": "9b01bfd97051", "context": {"step": "export"}}
{"timestamp": "2026-05-01T07:54:15.694098+00:00", "level": "INFO", "message": "отчёт_сохранён", "logger": "export", "trace_id": "9b01bfd97051", "context": {"path": "data\\sutochno_report.xlsx", "total": 100}}
{"timestamp": "2026-05-01T07:54:15.694450+00:00", "level": "INFO", "message": "экспорт_завершён", "logger": "main", "trace_id": "9b01bfd97051", "context": {"path": "data\\sutochno_report.xlsx", "total": 100, "step": "export"}}
{"timestamp": "2026-05-01T07:54:16.357031+00:00", "level": "INFO", "message": "браузер_остановлен", "logger": "browser", "trace_id": "9b01bfd97051"}
{"timestamp": "2026-05-01T07:54:16.368495+00:00", "level": "INFO", "message": "соединение_с_бд_закрыто", "logger": "repository", "trace_id": "9b01bfd97051"}
{"timestamp": "2026-05-01T07:54:16.369197+00:00", "level": "INFO", "message": "приложение_завершено", "logger": "main", "trace_id": "9b01bfd97051", "context": {"step": "shutdown"}}
{"timestamp": "2026-05-01T07:58:05.995981+00:00", "level": "INFO", "message": "приложение_запущено", "logger": "main", "trace_id": "b3e150d303d2", "context": {"step": "init"}}
{"timestamp": "2026-05-01T07:58:06.026502+00:00", "level": "INFO", "message": "база_данных_инициализирована", "logger": "repository", "trace_id": "b3e150d303d2", "context": {"path": "data/sutochno_listings.db"}}
{"timestamp": "2026-05-01T07:58:06.027200+00:00", "level": "INFO", "message": "запуск_браузера", "logger": "browser", "trace_id": "b3e150d303d2", "context": {"step": "start"}}
{"timestamp": "2026-05-01T07:58:06.790270+00:00", "level": "INFO", "message": "браузер_запущен", "logger": "browser", "trace_id": "b3e150d303d2", "context": {"step": "start"}}
{"timestamp": "2026-05-01T07:58:06.790500+00:00", "level": "INFO", "message": "начало_парсинга", "logger": "main", "trace_id": "b3e150d303d2", "context": {"step": "scraping"}}
{"timestamp": "2026-05-01T07:58:06.791025+00:00", "level": "INFO", "message": "начало_парсинга_каталога", "logger": "scraper", "trace_id": "b3e150d303d2", "context": {"path": "https://sutochno.ru/front/searchapp/search?type=city&id=397367&term=%D0%A1%D0%B0%D0%BD%D0%BA%D1%82-%D0%9F%D0%B5%D1%82%D0%B5%D1%80%D0%B1%D1%83%D1%80%D0%B3&price_per=1&guests_adults=2&SW.lat=59.70283124178216&SW.lng=30.023383841796882&NE.lat=60.131710447157346&NE.lng=30.58643315820313&review_score=9&price=,2500"}}
{"timestamp": "2026-05-01T07:58:13.743183+00:00", "level": "INFO", "message": "парсинг_страницы", "logger": "scraper", "trace_id": "b3e150d303d2", "context": {"current": 1, "total": 5}}
{"timestamp": "2026-05-01T07:58:38.150363+00:00", "level": "INFO", "message": "страница_обработана", "logger": "scraper", "trace_id": "b3e150d303d2", "context": {"current": 1, "total": 50}}
{"timestamp": "2026-05-01T07:58:40.450034+00:00", "level": "WARNING", "message": "контент_не_обновился_после_пагинации", "logger": "scraper", "trace_id": "b3e150d303d2"}
{"timestamp": "2026-05-01T07:58:43.013744+00:00", "level": "INFO", "message": "парсинг_страницы", "logger": "scraper", "trace_id": "b3e150d303d2", "context": {"current": 2, "total": 5}}
{"timestamp": "2026-05-01T07:59:08.441189+00:00", "level": "INFO", "message": "страница_обработана", "logger": "scraper", "trace_id": "b3e150d303d2", "context": {"current": 2, "total": 50}}
{"timestamp": "2026-05-01T07:59:08.471736+00:00", "level": "INFO", "message": "последняя_страница_достигнута", "logger": "scraper", "trace_id": "b3e150d303d2", "context": {"current": 2}}
{"timestamp": "2026-05-01T07:59:08.472042+00:00", "level": "INFO", "message": "парсинг_каталога_завершён", "logger": "scraper", "trace_id": "b3e150d303d2", "context": {"total": 100}}
{"timestamp": "2026-05-01T07:59:08.472275+00:00", "level": "INFO", "message": "парсинг_завершён", "logger": "main", "trace_id": "b3e150d303d2", "context": {"total": 100, "step": "scraping"}}
{"timestamp": "2026-05-01T07:59:08.472484+00:00", "level": "INFO", "message": "сохранение_в_бд", "logger": "main", "trace_id": "b3e150d303d2", "context": {"step": "storage"}}
{"timestamp": "2026-05-01T07:59:08.478465+00:00", "level": "INFO", "message": "объявления_сохранены", "logger": "repository", "trace_id": "b3e150d303d2", "context": {"total": 100}}
{"timestamp": "2026-05-01T07:59:08.479116+00:00", "level": "INFO", "message": "данные_сохранены", "logger": "main", "trace_id": "b3e150d303d2", "context": {"total": 100, "step": "storage"}}
{"timestamp": "2026-05-01T07:59:08.479862+00:00", "level": "INFO", "message": "экспорт_в_excel", "logger": "main", "trace_id": "b3e150d303d2", "context": {"step": "export"}}
{"timestamp": "2026-05-01T07:59:08.514290+00:00", "level": "INFO", "message": "отчёт_сохранён", "logger": "export", "trace_id": "b3e150d303d2", "context": {"path": "data\\sutochno_report.xlsx", "total": 100}}
{"timestamp": "2026-05-01T07:59:08.514582+00:00", "level": "INFO", "message": "экспорт_завершён", "logger": "main", "trace_id": "b3e150d303d2", "context": {"path": "data\\sutochno_report.xlsx", "total": 100, "step": "export"}}
{"timestamp": "2026-05-01T07:59:08.999909+00:00", "level": "INFO", "message": "браузер_остановлен", "logger": "browser", "trace_id": "b3e150d303d2"}
{"timestamp": "2026-05-01T07:59:09.017222+00:00", "level": "INFO", "message": "соединение_с_бд_закрыто", "logger": "repository", "trace_id": "b3e150d303d2"}
{"timestamp": "2026-05-01T07:59:09.017433+00:00", "level": "INFO", "message": "приложение_завершено", "logger": "main", "trace_id": "b3e150d303d2", "context": {"step": "shutdown"}}
{"timestamp": "2026-05-01T08:01:30.441062+00:00", "level": "INFO", "message": "приложение_запущено", "logger": "main", "trace_id": "ceee832a83c6", "context": {"step": "init"}}
{"timestamp": "2026-05-01T08:01:30.443513+00:00", "level": "INFO", "message": "база_данных_инициализирована", "logger": "repository", "trace_id": "ceee832a83c6", "context": {"path": "data/sutochno_listings.db"}}
{"timestamp": "2026-05-01T08:01:30.443731+00:00", "level": "INFO", "message": "запуск_браузера", "logger": "browser", "trace_id": "ceee832a83c6", "context": {"step": "start"}}
{"timestamp": "2026-05-01T08:01:31.165400+00:00", "level": "INFO", "message": "браузер_запущен", "logger": "browser", "trace_id": "ceee832a83c6", "context": {"step": "start"}}
{"timestamp": "2026-05-01T08:01:31.165689+00:00", "level": "INFO", "message": "начало_парсинга", "logger": "main", "trace_id": "ceee832a83c6", "context": {"step": "scraping"}}
{"timestamp": "2026-05-01T08:01:31.166047+00:00", "level": "INFO", "message": "начало_парсинга_каталога", "logger": "scraper", "trace_id": "ceee832a83c6", "context": {"path": "https://sutochno.ru/front/searchapp/search?type=city&id=397367&term=%D0%A1%D0%B0%D0%BD%D0%BA%D1%82-%D0%9F%D0%B5%D1%82%D0%B5%D1%80%D0%B1%D1%83%D1%80%D0%B3&price_per=1&guests_adults=2&SW.lat=59.70283124178216&SW.lng=30.023383841796882&NE.lat=60.131710447157346&NE.lng=30.58643315820313&review_score=9&price=,2500"}}
{"timestamp": "2026-05-01T08:01:38.062257+00:00", "level": "INFO", "message": "парсинг_страницы", "logger": "scraper", "trace_id": "ceee832a83c6", "context": {"current": 1, "total": 5}}
{"timestamp": "2026-05-01T08:02:06.044692+00:00", "level": "INFO", "message": "страница_обработана", "logger": "scraper", "trace_id": "ceee832a83c6", "context": {"current": 1, "total": 50}}
{"timestamp": "2026-05-01T08:02:10.269506+00:00", "level": "WARNING", "message": "карточки_не_загрузились_после_пагинации", "logger": "scraper", "trace_id": "ceee832a83c6"}
{"timestamp": "2026-05-01T08:02:10.270098+00:00", "level": "INFO", "message": "последняя_страница_достигнута", "logger": "scraper", "trace_id": "ceee832a83c6", "context": {"current": 1}}
{"timestamp": "2026-05-01T08:02:10.270404+00:00", "level": "INFO", "message": "парсинг_каталога_завершён", "logger": "scraper", "trace_id": "ceee832a83c6", "context": {"total": 50}}
{"timestamp": "2026-05-01T08:02:10.270710+00:00", "level": "INFO", "message": "парсинг_завершён", "logger": "main", "trace_id": "ceee832a83c6", "context": {"total": 50, "step": "scraping"}}
{"timestamp": "2026-05-01T08:02:10.271002+00:00", "level": "INFO", "message": "сохранение_в_бд", "logger": "main", "trace_id": "ceee832a83c6", "context": {"step": "storage"}}
{"timestamp": "2026-05-01T08:02:10.325279+00:00", "level": "INFO", "message": "объявления_сохранены", "logger": "repository", "trace_id": "ceee832a83c6", "context": {"total": 50}}
{"timestamp": "2026-05-01T08:02:10.342972+00:00", "level": "INFO", "message": "данные_сохранены", "logger": "main", "trace_id": "ceee832a83c6", "context": {"total": 50, "step": "storage"}}
{"timestamp": "2026-05-01T08:02:10.347362+00:00", "level": "INFO", "message": "экспорт_в_excel", "logger": "main", "trace_id": "ceee832a83c6", "context": {"step": "export"}}
{"timestamp": "2026-05-01T08:02:10.399370+00:00", "level": "INFO", "message": "отчёт_сохранён", "logger": "export", "trace_id": "ceee832a83c6", "context": {"path": "data\\sutochno_report.xlsx", "total": 100}}
{"timestamp": "2026-05-01T08:02:10.399724+00:00", "level": "INFO", "message": "экспорт_завершён", "logger": "main", "trace_id": "ceee832a83c6", "context": {"path": "data\\sutochno_report.xlsx", "total": 100, "step": "export"}}
{"timestamp": "2026-05-01T08:02:10.840797+00:00", "level": "INFO", "message": "браузер_остановлен", "logger": "browser", "trace_id": "ceee832a83c6"}
{"timestamp": "2026-05-01T08:02:10.851974+00:00", "level": "INFO", "message": "соединение_с_бд_закрыто", "logger": "repository", "trace_id": "ceee832a83c6"}
{"timestamp": "2026-05-01T08:02:10.852324+00:00", "level": "INFO", "message": "приложение_завершено", "logger": "main", "trace_id": "ceee832a83c6", "context": {"step": "shutdown"}}
{"timestamp": "2026-05-01T08:05:54.553237+00:00", "level": "INFO", "message": "приложение_запущено", "logger": "main", "trace_id": "97dffd8a87a6", "context": {"step": "init"}}
{"timestamp": "2026-05-01T08:05:54.585554+00:00", "level": "INFO", "message": "база_данных_инициализирована", "logger": "repository", "trace_id": "97dffd8a87a6", "context": {"path": "data/sutochno_listings.db"}}
{"timestamp": "2026-05-01T08:05:54.586104+00:00", "level": "INFO", "message": "запуск_браузера", "logger": "browser", "trace_id": "97dffd8a87a6", "context": {"step": "start"}}
{"timestamp": "2026-05-01T08:05:55.319213+00:00", "level": "INFO", "message": "браузер_запущен", "logger": "browser", "trace_id": "97dffd8a87a6", "context": {"step": "start"}}
{"timestamp": "2026-05-01T08:05:55.321505+00:00", "level": "INFO", "message": "начало_парсинга", "logger": "main", "trace_id": "97dffd8a87a6", "context": {"step": "scraping"}}
{"timestamp": "2026-05-01T08:05:55.321877+00:00", "level": "INFO", "message": "начало_парсинга_каталога", "logger": "scraper", "trace_id": "97dffd8a87a6", "context": {"path": "https://sutochno.ru/front/searchapp/search?type=city&id=397367&term=%D0%A1%D0%B0%D0%BD%D0%BA%D1%82-%D0%9F%D0%B5%D1%82%D0%B5%D1%80%D0%B1%D1%83%D1%80%D0%B3&price_per=1&guests_adults=2&SW.lat=59.70283124178216&SW.lng=30.023383841796882&NE.lat=60.131710447157346&NE.lng=30.58643315820313&review_score=9&price=,2500"}}
{"timestamp": "2026-05-01T08:06:03.608082+00:00", "level": "INFO", "message": "парсинг_страницы", "logger": "scraper", "trace_id": "97dffd8a87a6", "context": {"current": 1, "total": 5}}
{"timestamp": "2026-05-01T08:06:28.568502+00:00", "level": "INFO", "message": "страница_обработана", "logger": "scraper", "trace_id": "97dffd8a87a6", "context": {"current": 1, "total": 50}}
{"timestamp": "2026-05-01T08:07:07.090065+00:00", "level": "INFO", "message": "переход_на_следующую_страницу_выполнен", "logger": "scraper", "trace_id": "97dffd8a87a6"}
{"timestamp": "2026-05-01T08:07:07.090343+00:00", "level": "INFO", "message": "парсинг_страницы", "logger": "scraper", "trace_id": "97dffd8a87a6", "context": {"current": 2, "total": 5}}
{"timestamp": "2026-05-01T08:07:32.496113+00:00", "level": "INFO", "message": "страница_обработана", "logger": "scraper", "trace_id": "97dffd8a87a6", "context": {"current": 2, "total": 50}}
{"timestamp": "2026-05-01T08:08:10.349496+00:00", "level": "INFO", "message": "переход_на_следующую_страницу_выполнен", "logger": "scraper", "trace_id": "97dffd8a87a6"}
{"timestamp": "2026-05-01T08:08:10.349874+00:00", "level": "INFO", "message": "парсинг_страницы", "logger": "scraper", "trace_id": "97dffd8a87a6", "context": {"current": 3, "total": 5}}
{"timestamp": "2026-05-01T08:08:27.502749+00:00", "level": "INFO", "message": "страница_обработана", "logger": "scraper", "trace_id": "97dffd8a87a6", "context": {"current": 3, "total": 0}}
{"timestamp": "2026-05-01T08:09:06.123357+00:00", "level": "INFO", "message": "переход_на_следующую_страницу_выполнен", "logger": "scraper", "trace_id": "97dffd8a87a6"}
{"timestamp": "2026-05-01T08:09:06.123593+00:00", "level": "INFO", "message": "парсинг_страницы", "logger": "scraper", "trace_id": "97dffd8a87a6", "context": {"current": 4, "total": 5}}
{"timestamp": "2026-05-01T08:09:30.449524+00:00", "level": "INFO", "message": "страница_обработана", "logger": "scraper", "trace_id": "97dffd8a87a6", "context": {"current": 4, "total": 50}}
{"timestamp": "2026-05-01T08:10:08.573089+00:00", "level": "INFO", "message": "переход_на_следующую_страницу_выполнен", "logger": "scraper", "trace_id": "97dffd8a87a6"}
{"timestamp": "2026-05-01T08:10:08.573704+00:00", "level": "INFO", "message": "парсинг_страницы", "logger": "scraper", "trace_id": "97dffd8a87a6", "context": {"current": 5, "total": 5}}
{"timestamp": "2026-05-01T08:10:26.893042+00:00", "level": "INFO", "message": "страница_обработана", "logger": "scraper", "trace_id": "97dffd8a87a6", "context": {"current": 5, "total": 0}}
{"timestamp": "2026-05-01T08:10:26.893503+00:00", "level": "INFO", "message": "парсинг_каталога_завершён", "logger": "scraper", "trace_id": "97dffd8a87a6", "context": {"total": 150}}
{"timestamp": "2026-05-01T08:10:26.893702+00:00", "level": "INFO", "message": "дубликаты_отброшены", "logger": "scraper", "trace_id": "97dffd8a87a6", "context": {"total": 100}}
{"timestamp": "2026-05-01T08:10:26.893882+00:00", "level": "INFO", "message": "парсинг_завершён", "logger": "main", "trace_id": "97dffd8a87a6", "context": {"total": 150, "step": "scraping"}}
{"timestamp": "2026-05-01T08:10:26.894107+00:00", "level": "INFO", "message": "сохранение_в_бд", "logger": "main", "trace_id": "97dffd8a87a6", "context": {"step": "storage"}}
{"timestamp": "2026-05-01T08:10:26.902118+00:00", "level": "INFO", "message": "объявления_сохранены", "logger": "repository", "trace_id": "97dffd8a87a6", "context": {"total": 150}}
{"timestamp": "2026-05-01T08:10:26.902715+00:00", "level": "INFO", "message": "данные_сохранены", "logger": "main", "trace_id": "97dffd8a87a6", "context": {"total": 150, "step": "storage"}}
{"timestamp": "2026-05-01T08:10:26.903398+00:00", "level": "INFO", "message": "экспорт_в_excel", "logger": "main", "trace_id": "97dffd8a87a6", "context": {"step": "export"}}
{"timestamp": "2026-05-01T08:10:26.948986+00:00", "level": "INFO", "message": "отчёт_сохранён", "logger": "export", "trace_id": "97dffd8a87a6", "context": {"path": "data\\sutochno_report.xlsx", "total": 150}}
{"timestamp": "2026-05-01T08:10:26.949556+00:00", "level": "INFO", "message": "экспорт_завершён", "logger": "main", "trace_id": "97dffd8a87a6", "context": {"path": "data\\sutochno_report.xlsx", "total": 150, "step": "export"}}
{"timestamp": "2026-05-01T08:10:27.485937+00:00", "level": "INFO", "message": "браузер_остановлен", "logger": "browser", "trace_id": "97dffd8a87a6"}
{"timestamp": "2026-05-01T08:10:27.496681+00:00", "level": "INFO", "message": "соединение_с_бд_закрыто", "logger": "repository", "trace_id": "97dffd8a87a6"}
{"timestamp": "2026-05-01T08:10:27.497001+00:00", "level": "INFO", "message": "приложение_завершено", "logger": "main", "trace_id": "97dffd8a87a6", "context": {"step": "shutdown"}}
{"timestamp": "2026-05-01T08:12:00.152720+00:00", "level": "INFO", "message": "приложение_запущено", "logger": "main", "trace_id": "bf6c3b109516", "context": {"step": "init"}}
{"timestamp": "2026-05-01T08:12:00.182777+00:00", "level": "INFO", "message": "база_данных_инициализирована", "logger": "repository", "trace_id": "bf6c3b109516", "context": {"path": "data/sutochno_listings.db"}}
{"timestamp": "2026-05-01T08:12:00.183422+00:00", "level": "INFO", "message": "запуск_браузера", "logger": "browser", "trace_id": "bf6c3b109516", "context": {"step": "start"}}
{"timestamp": "2026-05-01T08:12:00.929491+00:00", "level": "INFO", "message": "браузер_запущен", "logger": "browser", "trace_id": "bf6c3b109516", "context": {"step": "start"}}
{"timestamp": "2026-05-01T08:12:00.930347+00:00", "level": "INFO", "message": "начало_парсинга", "logger": "main", "trace_id": "bf6c3b109516", "context": {"step": "scraping"}}
{"timestamp": "2026-05-01T08:12:00.930781+00:00", "level": "INFO", "message": "начало_парсинга_каталога", "logger": "scraper", "trace_id": "bf6c3b109516", "context": {"path": "https://sutochno.ru/front/searchapp/search?type=city&id=397367&term=%D0%A1%D0%B0%D0%BD%D0%BA%D1%82-%D0%9F%D0%B5%D1%82%D0%B5%D1%80%D0%B1%D1%83%D1%80%D0%B3&price_per=1&guests_adults=2&SW.lat=59.70283124178216&SW.lng=30.023383841796882&NE.lat=60.131710447157346&NE.lng=30.58643315820313&review_score=9&price=,2500"}}
{"timestamp": "2026-05-01T08:12:06.674519+00:00", "level": "INFO", "message": "парсинг_страницы", "logger": "scraper", "trace_id": "bf6c3b109516", "context": {"current": 1, "total": 5}}
{"timestamp": "2026-05-01T08:12:21.986517+00:00", "level": "INFO", "message": "страница_обработана", "logger": "scraper", "trace_id": "bf6c3b109516", "context": {"current": 1, "total": 31}}
{"timestamp": "2026-05-01T08:12:23.939090+00:00", "level": "ERROR", "message": "критическая_ошибка", "logger": "main", "trace_id": "bf6c3b109516", "context": {"error": "Page.evaluate: Execution context was destroyed, most likely because of a navigation", "error_type": "Error"}, "exception": "Traceback (most recent call last):\n  File \"C:\\game\\test\\my-poisk\\sytochno\\src\\__main__.py\", line 57, in run\n    listings = await scraper_service.scrape_catalog()\n               ^^^^^^^^^^^^^^^^^^^^^^^^^^^^^^^^^^^^^^\n  File \"C:\\game\\test\\my-poisk\\sytochno\\src\\services\\scraper_service.py\", line 90, in scrape_catalog\n    has_next = await self._go_to_next_page()\n               ^^^^^^^^^^^^^^^^^^^^^^^^^^^^^\n  File \"C:\\game\\test\\my-poisk\\sytochno\\src\\services\\scraper_service.py\", line 443, in _go_to_next_page\n    next_link = await page.evaluate(\"\"\"\n                ^^^^^^^^^^^^^^^^^^^^^^^\n    ...<10 lines>...\n    \"\"\")\n    ^^^^\n  File \"C:\\game\\test\\my-poisk\\sytochno\\venv\\Lib\\site-packages\\playwright\\async_api\\_generated.py\", line 8887, in evaluate\n    await self._impl_obj.evaluate(\n        expression=expression, arg=mapping.to_impl(arg)\n    )\n  File \"C:\\game\\test\\my-poisk\\sytochno\\venv\\Lib\\site-packages\\playwright\\_impl\\_page.py\", line 464, in evaluate\n    return await self._main_frame.evaluate(expression, arg)\n           ^^^^^^^^^^^^^^^^^^^^^^^^^^^^^^^^^^^^^^^^^^^^^^^^\n  File \"C:\\game\\test\\my-poisk\\sytochno\\venv\\Lib\\site-packages\\playwright\\_impl\\_frame.py\", line 320, in evaluate\n    await self._channel.send(\n    ...<6 lines>...\n    )\n  File \"C:\\game\\test\\my-poisk\\sytochno\\venv\\Lib\\site-packages\\playwright\\_impl\\_connection.py\", line 69, in send\n    return await self._connection.wrap_api_call(\n           ^^^^^^^^^^^^^^^^^^^^^^^^^^^^^^^^^^^^^\n    ...<3 lines>...\n    )\n    ^\n  File \"C:\\game\\test\\my-poisk\\sytochno\\venv\\Lib\\site-packages\\playwright\\_impl\\_connection.py\", line 559, in wrap_api_call\n    raise rewrite_error(error, f\"{parsed_st['apiName']}: {error}\") from None\nplaywright._impl._errors.Error: Page.evaluate: Execution context was destroyed, most likely because of a navigation"}
{"timestamp": "2026-05-01T08:12:24.372319+00:00", "level": "INFO", "message": "браузер_остановлен", "logger": "browser", "trace_id": "bf6c3b109516"}
{"timestamp": "2026-05-01T08:12:24.383449+00:00", "level": "INFO", "message": "соединение_с_бд_закрыто", "logger": "repository", "trace_id": "bf6c3b109516"}
{"timestamp": "2026-05-01T08:12:24.383966+00:00", "level": "INFO", "message": "приложение_завершено", "logger": "main", "trace_id": "bf6c3b109516", "context": {"step": "shutdown"}}
{"timestamp": "2026-05-01T08:12:32.631436+00:00", "level": "INFO", "message": "приложение_запущено", "logger": "main", "trace_id": "635cfaa904fe", "context": {"step": "init"}}
{"timestamp": "2026-05-01T08:12:32.662823+00:00", "level": "INFO", "message": "база_данных_инициализирована", "logger": "repository", "trace_id": "635cfaa904fe", "context": {"path": "data/sutochno_listings.db"}}
{"timestamp": "2026-05-01T08:12:32.663445+00:00", "level": "INFO", "message": "запуск_браузера", "logger": "browser", "trace_id": "635cfaa904fe", "context": {"step": "start"}}
{"timestamp": "2026-05-01T08:12:33.382244+00:00", "level": "INFO", "message": "браузер_запущен", "logger": "browser", "trace_id": "635cfaa904fe", "context": {"step": "start"}}
{"timestamp": "2026-05-01T08:12:33.382455+00:00", "level": "INFO", "message": "начало_парсинга", "logger": "main", "trace_id": "635cfaa904fe", "context": {"step": "scraping"}}
{"timestamp": "2026-05-01T08:12:33.382816+00:00", "level": "INFO", "message": "начало_парсинга_каталога", "logger": "scraper", "trace_id": "635cfaa904fe", "context": {"path": "https://sutochno.ru/front/searchapp/search?type=city&id=397367&term=%D0%A1%D0%B0%D0%BD%D0%BA%D1%82-%D0%9F%D0%B5%D1%82%D0%B5%D1%80%D0%B1%D1%83%D1%80%D0%B3&price_per=1&guests_adults=2&SW.lat=59.70283124178216&SW.lng=30.023383841796882&NE.lat=60.131710447157346&NE.lng=30.58643315820313&review_score=9&price=,2500"}}
{"timestamp": "2026-05-01T08:12:40.884448+00:00", "level": "INFO", "message": "парсинг_страницы", "logger": "scraper", "trace_id": "635cfaa904fe", "context": {"current": 1, "total": 5}}
{"timestamp": "2026-05-01T08:13:03.563699+00:00", "level": "INFO", "message": "страница_обработана", "logger": "scraper", "trace_id": "635cfaa904fe", "context": {"current": 1, "total": 50}}
{"timestamp": "2026-05-01T08:13:41.451534+00:00", "level": "INFO", "message": "переход_на_следующую_страницу_выполнен", "logger": "scraper", "trace_id": "635cfaa904fe"}
{"timestamp": "2026-05-01T08:13:41.451815+00:00", "level": "INFO", "message": "парсинг_страницы", "logger": "scraper", "trace_id": "635cfaa904fe", "context": {"current": 2, "total": 5}}
{"timestamp": "2026-05-01T08:14:06.227535+00:00", "level": "INFO", "message": "страница_обработана", "logger": "scraper", "trace_id": "635cfaa904fe", "context": {"current": 2, "total": 50}}
{"timestamp": "2026-05-01T08:14:43.925037+00:00", "level": "INFO", "message": "переход_на_следующую_страницу_выполнен", "logger": "scraper", "trace_id": "635cfaa904fe"}
{"timestamp": "2026-05-01T08:14:43.925320+00:00", "level": "INFO", "message": "парсинг_страницы", "logger": "scraper", "trace_id": "635cfaa904fe", "context": {"current": 3, "total": 5}}
{"timestamp": "2026-05-01T08:15:09.953467+00:00", "level": "INFO", "message": "страница_обработана", "logger": "scraper", "trace_id": "635cfaa904fe", "context": {"current": 3, "total": 50}}
{"timestamp": "2026-05-01T08:15:46.527539+00:00", "level": "INFO", "message": "переход_на_следующую_страницу_выполнен", "logger": "scraper", "trace_id": "635cfaa904fe"}
{"timestamp": "2026-05-01T08:15:46.527846+00:00", "level": "INFO", "message": "парсинг_страницы", "logger": "scraper", "trace_id": "635cfaa904fe", "context": {"current": 4, "total": 5}}
{"timestamp": "2026-05-01T08:16:13.794841+00:00", "level": "INFO", "message": "страница_обработана", "logger": "scraper", "trace_id": "635cfaa904fe", "context": {"current": 4, "total": 50}}
{"timestamp": "2026-05-01T08:16:52.152372+00:00", "level": "INFO", "message": "переход_на_следующую_страницу_выполнен", "logger": "scraper", "trace_id": "635cfaa904fe"}
{"timestamp": "2026-05-01T08:16:52.152845+00:00", "level": "INFO", "message": "парсинг_страницы", "logger": "scraper", "trace_id": "635cfaa904fe", "context": {"current": 5, "total": 5}}
{"timestamp": "2026-05-01T08:17:18.606570+00:00", "level": "INFO", "message": "страница_обработана", "logger": "scraper", "trace_id": "635cfaa904fe", "context": {"current": 5, "total": 50}}
{"timestamp": "2026-05-01T08:17:18.606760+00:00", "level": "INFO", "message": "парсинг_каталога_завершён", "logger": "scraper", "trace_id": "635cfaa904fe", "context": {"total": 250}}
{"timestamp": "2026-05-01T08:17:18.606922+00:00", "level": "INFO", "message": "парсинг_завершён", "logger": "main", "trace_id": "635cfaa904fe", "context": {"total": 250, "step": "scraping"}}
{"timestamp": "2026-05-01T08:17:18.607167+00:00", "level": "INFO", "message": "сохранение_в_бд", "logger": "main", "trace_id": "635cfaa904fe", "context": {"step": "storage"}}
{"timestamp": "2026-05-01T08:17:18.615739+00:00", "level": "INFO", "message": "объявления_сохранены", "logger": "repository", "trace_id": "635cfaa904fe", "context": {"total": 250}}
{"timestamp": "2026-05-01T08:17:18.616395+00:00", "level": "INFO", "message": "данные_сохранены", "logger": "main", "trace_id": "635cfaa904fe", "context": {"total": 250, "step": "storage"}}
{"timestamp": "2026-05-01T08:17:18.616807+00:00", "level": "INFO", "message": "экспорт_в_excel", "logger": "main", "trace_id": "635cfaa904fe", "context": {"step": "export"}}
{"timestamp": "2026-05-01T08:17:18.680994+00:00", "level": "INFO", "message": "отчёт_сохранён", "logger": "export", "trace_id": "635cfaa904fe", "context": {"path": "data\\sutochno_report.xlsx", "total": 250}}
{"timestamp": "2026-05-01T08:17:18.681282+00:00", "level": "INFO", "message": "экспорт_завершён", "logger": "main", "trace_id": "635cfaa904fe", "context": {"path": "data\\sutochno_report.xlsx", "total": 250, "step": "export"}}
{"timestamp": "2026-05-01T08:17:19.091678+00:00", "level": "INFO", "message": "браузер_остановлен", "logger": "browser", "trace_id": "635cfaa904fe"}
{"timestamp": "2026-05-01T08:17:19.102330+00:00", "level": "INFO", "message": "соединение_с_бд_закрыто", "logger": "repository", "trace_id": "635cfaa904fe"}
{"timestamp": "2026-05-01T08:17:19.102795+00:00", "level": "INFO", "message": "приложение_завершено", "logger": "main", "trace_id": "635cfaa904fe", "context": {"step": "shutdown"}}
